epoch: 0, iter: 0, loss: 420.04730224609375
epoch: 0, iter: 0, loss: 420.04730224609375
epoch: 0, iter: 100, loss: 281.8760681152344
epoch: 0, iter: 200, loss: 214.27239990234375
epoch: 0, iter: 300, loss: 181.13623046875
epoch: 0, iter: 400, loss: 166.0950469970703
epoch: 0, iter: 500, loss: 133.5120086669922
epoch: 0, iter: 600, loss: 125.91239929199219
epoch: 0, iter: 700, loss: 130.4937744140625
epoch: 0, iter: 800, loss: 102.637451171875
epoch: 0, iter: 900, loss: 92.19511413574219
epoch: 0, iter: 1000, loss: 86.7146224975586
epoch: 0, iter: 1100, loss: 83.97018432617188
epoch: 0, iter: 1200, loss: 96.81993865966797
epoch: 0, iter: 1300, loss: 80.42289733886719
epoch: 0, iter: 1400, loss: 82.0208511352539
epoch: 0, iter: 1500, loss: 74.9072265625
epoch: 0, iter: 1600, loss: 66.86685180664062
epoch: 0, iter: 1700, loss: 72.36648559570312
epoch: 0, iter: 1800, loss: 66.06051635742188
epoch: 0, iter: 1900, loss: 71.57306671142578
epoch: 0, iter: 2000, loss: 64.44938659667969
epoch: 0, iter: 2100, loss: 67.47325134277344
epoch: 0, iter: 2200, loss: 65.25621032714844
epoch: 0, iter: 2300, loss: 63.64081573486328
epoch: 0, iter: 2400, loss: 56.122562408447266
epoch: 0, iter: 2500, loss: 49.29234313964844
epoch: 0, iter: 2600, loss: 51.77170181274414
epoch: 0, iter: 2700, loss: 61.08680725097656
epoch: 0, iter: 2800, loss: 51.719200134277344
epoch: 0, iter: 2900, loss: 52.64155197143555
epoch: 0, iter: 3000, loss: 48.685367584228516
epoch: 0, iter: 3100, loss: 47.33613586425781
epoch: 0, iter: 3200, loss: 47.50682067871094
epoch: 0, iter: 3300, loss: 59.0217399597168
epoch: 0, iter: 3400, loss: 40.76699447631836
epoch: 0, iter: 3500, loss: 54.24204635620117
epoch: 0, iter: 3600, loss: 42.224788665771484
epoch: 0, iter: 3700, loss: 47.52513885498047
epoch: 0, iter: 3800, loss: 49.735538482666016
epoch: 0, iter: 3900, loss: 40.019283294677734
epoch: 0, iter: 4000, loss: 54.31970977783203
epoch: 0, iter: 4100, loss: 50.29994583129883
epoch: 0, iter: 4200, loss: 45.75232696533203
epoch: 0, iter: 4300, loss: 45.08903884887695
epoch: 0, iter: 4400, loss: 41.12359619140625
epoch: 0, iter: 4500, loss: 39.63448715209961
epoch: 0, iter: 4600, loss: 41.809288024902344
epoch: 0, iter: 4700, loss: 39.79244613647461
epoch: 0, iter: 4800, loss: 38.70461654663086
epoch: 0, iter: 4900, loss: 37.0207633972168
epoch: 0, iter: 5000, loss: 36.547481536865234
epoch: 0, iter: 5100, loss: 47.613136291503906
epoch: 0, iter: 5200, loss: 45.058650970458984
epoch: 0, iter: 5300, loss: 39.96155548095703
epoch: 0, iter: 5400, loss: 40.82634735107422
epoch: 0, iter: 5500, loss: 39.130104064941406
epoch: 0, iter: 5600, loss: 38.85813522338867
epoch: 0, iter: 5700, loss: 37.16931915283203
epoch: 0, iter: 5800, loss: 45.11837387084961
epoch: 0, iter: 5900, loss: 37.668922424316406
epoch: 0, iter: 6000, loss: 38.72671890258789
epoch: 0, iter: 6100, loss: 41.168701171875
epoch: 0, iter: 6200, loss: 44.65619659423828
epoch: 0, iter: 6300, loss: 36.290985107421875
epoch: 0, iter: 6400, loss: 37.19071960449219
epoch: 0, iter: 6500, loss: 44.15157699584961
epoch: 0, iter: 6600, loss: 42.37696838378906
epoch: 0, iter: 6700, loss: 35.53932189941406
epoch: 0, iter: 6800, loss: 39.66889953613281
epoch: 0, iter: 6900, loss: 41.96227264404297
epoch: 0, iter: 7000, loss: 39.8685188293457
epoch: 0, iter: 7100, loss: 33.40215301513672
epoch: 0, iter: 7200, loss: 43.97574234008789
epoch: 0, iter: 7300, loss: 38.714847564697266
epoch: 0, iter: 7400, loss: 41.198890686035156
epoch: 0, iter: 7500, loss: 35.690521240234375
epoch: 0, iter: 7600, loss: 35.38774871826172
epoch: 0, iter: 7700, loss: 36.982337951660156
epoch: 0, iter: 7800, loss: 35.25550842285156
epoch: 0, iter: 7900, loss: 37.57596206665039
epoch: 0, iter: 8000, loss: 34.831050872802734
epoch: 0, iter: 8100, loss: 36.55682373046875
epoch: 0, iter: 8200, loss: 34.769004821777344
epoch: 0, iter: 8300, loss: 36.780517578125
epoch: 0, iter: 8400, loss: 34.35799789428711
epoch: 0, iter: 8500, loss: 37.90807342529297
epoch: 0, iter: 8600, loss: 40.501502990722656
epoch: 0, iter: 8700, loss: 38.041175842285156
epoch: 0, iter: 8800, loss: 33.790523529052734
epoch: 0, iter: 8900, loss: 34.300785064697266
epoch: 0, iter: 9000, loss: 36.54432678222656
epoch: 0, iter: 9100, loss: 36.57574462890625
epoch: 0, iter: 9200, loss: 37.50148010253906
epoch: 0, iter: 9300, loss: 37.193145751953125
epoch: 0, iter: 9400, loss: 34.206756591796875
epoch: 0, iter: 9500, loss: 35.44179916381836
epoch: 0, iter: 9600, loss: 34.8720703125
epoch: 0, iter: 9700, loss: 36.830726623535156
epoch: 0, iter: 9800, loss: 34.66004943847656
epoch: 0, iter: 9900, loss: 38.14027404785156
epoch: 0, iter: 10000, loss: 33.61235046386719
epoch: 0, iter: 10100, loss: 33.496795654296875
epoch: 0, iter: 10200, loss: 36.88611602783203
epoch: 0, iter: 10300, loss: 32.666114807128906
epoch: 0, iter: 10400, loss: 39.65937042236328
epoch: 0, iter: 10500, loss: 33.44830322265625
epoch: 0, iter: 10600, loss: 37.4183235168457
epoch: 0, iter: 10700, loss: 33.42471694946289
epoch: 0, iter: 10800, loss: 34.52865982055664
epoch: 0, iter: 10900, loss: 35.00008773803711
epoch: 0, iter: 11000, loss: 32.23051071166992
epoch: 0, iter: 11100, loss: 33.824832916259766
epoch: 0, iter: 11200, loss: 33.768009185791016
epoch: 0, iter: 11300, loss: 37.66084289550781
epoch: 0, iter: 11400, loss: 33.94429397583008
epoch: 0, iter: 11500, loss: 32.213233947753906
epoch: 0, iter: 11600, loss: 35.89667510986328
epoch: 0, iter: 11700, loss: 33.689979553222656
epoch: 0, iter: 11800, loss: 34.34120559692383
epoch: 0, iter: 11900, loss: 33.228111267089844
epoch: 0, iter: 12000, loss: 33.05072784423828
epoch: 0, iter: 12100, loss: 37.40245819091797
epoch: 0, iter: 12200, loss: 36.32208251953125
epoch: 0, iter: 12300, loss: 34.54920196533203
epoch: 0, iter: 12400, loss: 33.49563980102539
epoch: 0, iter: 12500, loss: 33.54050827026367
epoch: 0, iter: 12600, loss: 33.232505798339844
epoch: 0, iter: 12700, loss: 32.113739013671875
epoch: 0, iter: 12800, loss: 33.29283142089844
epoch: 0, iter: 12900, loss: 34.74156188964844
epoch: 0, iter: 13000, loss: 33.10798645019531
epoch: 0, iter: 13100, loss: 33.210628509521484
epoch: 0, iter: 13200, loss: 34.78315734863281
epoch: 0, iter: 13300, loss: 35.857032775878906
epoch: 0, iter: 13400, loss: 34.395999908447266
epoch: 0, iter: 13500, loss: 32.2504997253418
epoch: 0, iter: 13600, loss: 34.4608268737793
epoch: 0, iter: 13700, loss: 33.41124725341797
epoch: 0, iter: 13800, loss: 33.30494689941406
epoch: 0, iter: 13900, loss: 33.695465087890625
epoch: 0, iter: 14000, loss: 32.66028594970703
epoch: 0, iter: 14100, loss: 32.5174446105957
epoch: 0, iter: 14200, loss: 32.70087814331055
epoch: 0, iter: 14300, loss: 32.728240966796875
epoch: 0, iter: 14400, loss: 33.85787582397461
epoch: 0, iter: 14500, loss: 32.1056022644043
epoch: 0, iter: 14600, loss: 32.57822799682617
epoch: 0, iter: 14700, loss: 33.3359489440918
epoch: 0, iter: 14800, loss: 34.409889221191406
epoch: 0, iter: 14900, loss: 33.07270050048828
epoch: 0, iter: 15000, loss: 33.381324768066406
epoch: 0, iter: 15100, loss: 34.36975860595703
epoch: 0, iter: 15200, loss: 34.90768814086914
epoch: 0, iter: 15300, loss: 31.541622161865234
epoch: 0, iter: 15400, loss: 34.9665412902832
epoch: 0, iter: 15500, loss: 32.97495651245117
epoch: 0, iter: 15600, loss: 32.95948791503906
epoch: 0, iter: 15700, loss: 33.49752426147461
epoch: 0, iter: 15800, loss: 33.55046844482422
epoch: 0, iter: 15900, loss: 33.22117233276367
epoch: 0, iter: 16000, loss: 32.59987258911133
epoch: 0, iter: 16100, loss: 32.621726989746094
epoch: 0, iter: 16200, loss: 32.9793815612793
epoch: 0, iter: 16300, loss: 33.04404830932617
epoch: 0, iter: 16400, loss: 32.556793212890625
epoch: 0, iter: 16500, loss: 33.966949462890625
epoch: 0, iter: 16600, loss: 32.932334899902344
epoch: 0, iter: 16700, loss: 32.42243957519531
epoch: 0, iter: 16800, loss: 32.15078353881836
epoch: 0, iter: 16900, loss: 31.823205947875977
epoch: 0, iter: 17000, loss: 32.74675750732422
epoch: 0, iter: 17100, loss: 32.280357360839844
epoch: 0, iter: 17200, loss: 33.28260803222656
epoch: 0, iter: 17300, loss: 32.844459533691406
epoch: 0, iter: 17400, loss: 33.20849609375
epoch: 0, iter: 17500, loss: 32.566612243652344
epoch: 0, iter: 17600, loss: 32.39376449584961
epoch: 0, iter: 17700, loss: 32.1352424621582
epoch: 0, iter: 17800, loss: 32.48295974731445
epoch: 0, iter: 17900, loss: 32.975440979003906
epoch: 0, iter: 18000, loss: 31.47051429748535
epoch: 0, iter: 18100, loss: 32.220149993896484
epoch: 0, iter: 18200, loss: 32.298160552978516
epoch: 0, iter: 18300, loss: 32.19303894042969
epoch: 0, iter: 18400, loss: 32.99707794189453
epoch: 0, iter: 18500, loss: 32.564613342285156
epoch: 0, iter: 18600, loss: 33.88248062133789
epoch: 0, iter: 18700, loss: 32.52967834472656
epoch: 0, iter: 18800, loss: 32.32061004638672
epoch: 0, iter: 18900, loss: 31.707218170166016
epoch: 0, iter: 19000, loss: 33.218074798583984
epoch: 0, iter: 19100, loss: 32.31498336791992
epoch: 0, iter: 19200, loss: 31.947551727294922
epoch: 0, iter: 19300, loss: 32.260406494140625
epoch: 0, iter: 19400, loss: 32.543907165527344
epoch: 0, iter: 19500, loss: 32.34607696533203
epoch: 0, iter: 19600, loss: 32.407020568847656
epoch: 0, iter: 19700, loss: 31.977210998535156
epoch: 0, iter: 19800, loss: 32.99655532836914
epoch: 0, iter: 19900, loss: 32.08702087402344
epoch: 0, iter: 20000, loss: 32.44243240356445
epoch: 0, iter: 20100, loss: 32.47584915161133
epoch: 0, iter: 20200, loss: 31.884071350097656
epoch: 0, iter: 20300, loss: 32.00600814819336
epoch: 0, iter: 20400, loss: 31.55980682373047
epoch: 0, iter: 20500, loss: 32.40095138549805
epoch: 0, iter: 20600, loss: 32.65167999267578
epoch: 0, iter: 20700, loss: 32.288047790527344
epoch: 0, iter: 20800, loss: 32.108158111572266
epoch: 0, iter: 20900, loss: 32.92702865600586
epoch: 0, iter: 21000, loss: 32.7534294128418
epoch: 0, iter: 21100, loss: 34.733131408691406
epoch: 0, iter: 21200, loss: 35.261863708496094
epoch: 0, iter: 21300, loss: 32.00819396972656
epoch: 0, iter: 21400, loss: 31.7265682220459
epoch: 0, iter: 21500, loss: 32.887046813964844
epoch: 0, iter: 21600, loss: 31.444499969482422
epoch: 0, iter: 21700, loss: 32.0775146484375
epoch: 0, iter: 21800, loss: 31.53416633605957
epoch: 0, iter: 21900, loss: 31.98668098449707
epoch: 0, iter: 22000, loss: 32.503822326660156
epoch: 0, iter: 22100, loss: 32.634605407714844
epoch: 0, iter: 22200, loss: 32.33561325073242
epoch: 0, iter: 22300, loss: 31.919986724853516
epoch: 0, iter: 22400, loss: 32.15858840942383
epoch: 0, iter: 22500, loss: 32.78095245361328
epoch: 0, iter: 22600, loss: 31.8553466796875
epoch: 0, iter: 22700, loss: 31.829557418823242
epoch: 0, iter: 22800, loss: 31.967378616333008
epoch: 0, iter: 22900, loss: 31.70292854309082
epoch: 0, iter: 23000, loss: 31.99586296081543
epoch: 0, iter: 23100, loss: 32.40787887573242
epoch: 0, iter: 23200, loss: 31.836627960205078
epoch: 0, iter: 23300, loss: 31.595539093017578
epoch: 0, iter: 23400, loss: 32.42964553833008
epoch: 0, iter: 23500, loss: 31.925418853759766
epoch: 0, iter: 23600, loss: 31.711196899414062
epoch: 0, iter: 23700, loss: 32.33461380004883
epoch: 0, iter: 23800, loss: 32.1953125
epoch: 0, iter: 23900, loss: 32.164588928222656
epoch: 0, iter: 24000, loss: 31.705081939697266
epoch: 0, iter: 24100, loss: 31.7938232421875
epoch: 0, iter: 24200, loss: 32.017066955566406
epoch: 0, iter: 24300, loss: 32.803794860839844
epoch: 0, iter: 24400, loss: 31.395774841308594
epoch: 0, iter: 24500, loss: 32.56886672973633
epoch: 0, iter: 24600, loss: 32.0806884765625
epoch: 0, iter: 24700, loss: 32.22514724731445
epoch: 0, iter: 24800, loss: 31.458404541015625
epoch: 0, iter: 24900, loss: 31.358314514160156
epoch: 0, iter: 25000, loss: 31.396636962890625
epoch: 0, iter: 25100, loss: 32.158077239990234
epoch: 0, iter: 25200, loss: 31.874618530273438
epoch: 0, iter: 25300, loss: 31.863679885864258
epoch: 0, iter: 25400, loss: 32.12705993652344
epoch: 0, iter: 25500, loss: 32.100894927978516
epoch: 0, iter: 25600, loss: 31.82151222229004
epoch: 0, iter: 25700, loss: 31.844942092895508
epoch: 0, iter: 25800, loss: 32.71408462524414
epoch: 0, iter: 25900, loss: 31.347761154174805
epoch: 0, iter: 26000, loss: 32.3331413269043
epoch: 0, iter: 26100, loss: 31.68484115600586
epoch: 0, iter: 26200, loss: 32.335655212402344
epoch: 0, iter: 26300, loss: 31.176876068115234
epoch: 0, iter: 26400, loss: 31.55892562866211
epoch: 0, iter: 26500, loss: 30.85559844970703
epoch: 0, iter: 26600, loss: 31.53407859802246
epoch: 0, iter: 26700, loss: 31.896894454956055
epoch: 0, iter: 26800, loss: 31.937341690063477
epoch: 0, iter: 26900, loss: 32.77000427246094
epoch: 0, iter: 27000, loss: 31.91204261779785
epoch: 0, iter: 27100, loss: 31.224525451660156
epoch: 0, iter: 27200, loss: 31.404281616210938
epoch: 0, iter: 27300, loss: 31.3116455078125
epoch: 0, iter: 27400, loss: 31.683141708374023
epoch: 0, iter: 27500, loss: 31.55237579345703
epoch: 0, iter: 27600, loss: 31.475582122802734
epoch: 0, iter: 27700, loss: 31.991247177124023
epoch: 0, iter: 27800, loss: 31.367427825927734
epoch: 0, iter: 27900, loss: 31.79746437072754
epoch: 0, iter: 28000, loss: 31.486948013305664
epoch: 0, iter: 28100, loss: 31.968704223632812
epoch: 0, iter: 28200, loss: 31.253570556640625
epoch: 0, iter: 28300, loss: 31.32345962524414
epoch: 0, iter: 28400, loss: 31.423477172851562
epoch: 0, iter: 28500, loss: 32.04257583618164
epoch: 0, iter: 28600, loss: 31.56026840209961
epoch: 0, iter: 28700, loss: 31.671863555908203
epoch: 0, iter: 28800, loss: 32.00069808959961
epoch: 0, iter: 28900, loss: 30.92171287536621
epoch: 0, iter: 29000, loss: 31.777070999145508
epoch: 0, iter: 29100, loss: 31.850494384765625
epoch: 0, iter: 29200, loss: 31.47464942932129
epoch: 0, iter: 29300, loss: 32.20271682739258
epoch: 0, iter: 29400, loss: 31.80466079711914
epoch: 0, iter: 29500, loss: 31.627029418945312
epoch: 0, iter: 29600, loss: 31.444185256958008
epoch: 0, iter: 29700, loss: 31.698589324951172
epoch: 0, iter: 29800, loss: 31.79898452758789
epoch: 0, iter: 29900, loss: 31.908191680908203
epoch: 0, iter: 30000, loss: 32.191612243652344
epoch: 0, iter: 30100, loss: 31.830028533935547
epoch: 0, iter: 30200, loss: 31.509906768798828
epoch: 0, iter: 30300, loss: 30.92940330505371
epoch: 0, iter: 30400, loss: 31.58212661743164
epoch: 0, iter: 30500, loss: 31.169363021850586
epoch: 0, iter: 30600, loss: 31.93337631225586
epoch: 0, iter: 30700, loss: 31.229938507080078
epoch: 0, iter: 30800, loss: 31.88220977783203
epoch: 0, iter: 30900, loss: 31.63736343383789
epoch: 0, iter: 31000, loss: 31.827604293823242
epoch: 0, iter: 31100, loss: 31.34090805053711
epoch: 0, iter: 31200, loss: 31.964757919311523
epoch: 0, iter: 31300, loss: 31.471904754638672
epoch: 0, iter: 31400, loss: 31.867141723632812
epoch: 0, iter: 31500, loss: 31.67302131652832
epoch: 0, iter: 31600, loss: 32.052608489990234
epoch: 0, iter: 31700, loss: 31.989866256713867
epoch: 0, iter: 31800, loss: 31.405332565307617
epoch: 0, iter: 31900, loss: 31.599346160888672
epoch: 0, iter: 0, loss: 420.04730224609375
epoch: 0, iter: 0, loss: 420.04730224609375
epoch: 0, iter: 100, loss: 281.8760681152344
